C51 COMPILER V9.60.7.0   SVM_1                                                             09/25/2024 11:57:17 PAGE 1   


C51 COMPILER V9.60.7.0, COMPILATION OF MODULE SVM_1
OBJECT MODULE PLACED IN SVM_1.OBJ
COMPILER INVOKED BY: C:\Personal-Work\C51\BIN\C51.EXE SVM_1.c BROWSE DEBUG OBJECTEXTEND TABS(2)

line level    source

   1          #include<reg51f.h>
   2          
   3          sbit svm = P1^6;    // Servo mtr is connected in port 1.6
   4          
   5          void delay(unsigned int);
   6          unsigned int i,j,k;
   7          
   8            void main()
   9            {
  10   1          while(1)
  11   1          {
  12   2            for(i=0;i<=50;i++)
  13   2            {
  14   3              svm = 1;
  15   3              delay(4);   //16
  16   3              svm = 0;
  17   3              delay(36);
  18   3            }
  19   2      
  20   2            
  21   2            for(i=0;i<=50;i++)
  22   2            {
  23   3              svm = 1;         // 12.3
  24   3              delay(3);
  25   3              svm = 0;
  26   3              delay(37);
  27   3            }
  28   2            
  29   2            for(i=0;i<=50;i++)
  30   2            {
  31   3              svm = 1;
  32   3              delay(2);
  33   3              svm = 0;
  34   3              delay(38);
  35   3            }
  36   2              for(i=0;i<=50;i++)
  37   2            {
  38   3              svm = 1;
  39   3              delay(3);
  40   3              svm = 0;
  41   3              delay(37);
  42   3            }
  43   2            
  44   2          }
  45   1        }
  46            
  47            void delay(unsigned int itime)
  48            {
  49   1          for(j=0;j<itime;j++)
  50   1          {
  51   2            for(k=0;k<=60;k++);
  52   2          }
  53   1        }
  54            

C51 COMPILER V9.60.7.0   SVM_1                                                             09/25/2024 11:57:17 PAGE 2   


MODULE INFORMATION:   STATIC OVERLAYABLE
   CODE SIZE        =    205    ----
   CONSTANT SIZE    =   ----    ----
   XDATA SIZE       =   ----    ----
   PDATA SIZE       =   ----    ----
   DATA SIZE        =      6    ----
   IDATA SIZE       =   ----    ----
   BIT SIZE         =   ----    ----
END OF MODULE INFORMATION.


C51 COMPILATION COMPLETE.  0 WARNING(S),  0 ERROR(S)
