C51 COMPILER V9.60.7.0   SVM_2                                                             09/25/2024 01:35:14 PAGE 1   


C51 COMPILER V9.60.7.0, COMPILATION OF MODULE SVM_2
OBJECT MODULE PLACED IN SVM_2.OBJ
COMPILER INVOKED BY: C:\Personal-Work\C51\BIN\C51.EXE SVM_2.c BROWSE DEBUG OBJECTEXTEND TABS(2)

line level    source

   1          #include<reg51f.h>
   2          
   3          sbit svm = P1^6;    // Servo mtr is connected in port 1.6
   4          
   5          void delay(unsigned int);
   6          unsigned int i,j,k;
   7          
   8            void main()
   9            {
  10   1          while(1)
  11   1          {
  12   2            for(i=0;i<=50;i++)
  13   2            {
  14   3              svm = 1;
  15   3              delay(1000);
  16   3              svm = 0;
  17   3              delay(37);
  18   3            }
  19   2            
  20   2            for(i=0;i<=50;i++)
  21   2            {
  22   3              svm = 3;
  23   3              delay(2000);
  24   3              svm = 0;
  25   3              delay(37);
  26   3            }
  27   2            
  28   2            
  29   2          }
  30   1        }
  31            
  32            void delay(unsigned int itime)
  33            {
  34   1          for(j=0;j<itime;j++)
  35   1          {
  36   2            for(k=0;k<=60;k++);
  37   2          }
  38   1        }


MODULE INFORMATION:   STATIC OVERLAYABLE
   CODE SIZE        =    122    ----
   CONSTANT SIZE    =   ----    ----
   XDATA SIZE       =   ----    ----
   PDATA SIZE       =   ----    ----
   DATA SIZE        =      6    ----
   IDATA SIZE       =   ----    ----
   BIT SIZE         =   ----    ----
END OF MODULE INFORMATION.


C51 COMPILATION COMPLETE.  0 WARNING(S),  0 ERROR(S)
