C51 COMPILER V9.60.7.0   DC_USING_SWITCH                                                   10/19/2024 00:09:03 PAGE 1   


C51 COMPILER V9.60.7.0, COMPILATION OF MODULE DC_USING_SWITCH
OBJECT MODULE PLACED IN DC_using_Switch.OBJ
COMPILER INVOKED BY: C:\Personal-Work\C51\BIN\C51.EXE DC_using_Switch.c BROWSE DEBUG OBJECTEXTEND TABS(2)

line level    source

   1          //DC motor using swiching
   2          
   3          #include<reg51.h>
   4          sbit in1=P2^0;
   5          sbit in2=P2^1;
   6          sbit in3=P2^2;
   7          sbit in4=P2^3;
   8          sbit F=P3^0;
   9          sbit D=P3^1;
  10          sbit R=P3^2;
  11          sbit L=P3^3;
  12          
  13          
  14          void main()
  15          {
  16   1        F=1;
  17   1        D=1;
  18   1        R=1;
  19   1        L=1;
  20   1           
  21   1        while(1)
  22   1        {
  23   2          
  24   2          if(F==0 && D==1 && R==1 && L==1)
  25   2          {
  26   3            in1=1;
  27   3            in2=0;      
  28   3            in3=1;
  29   3            in4=0;
  30   3            
  31   3          }
  32   2          else if(F==1 && D==0 && R==1 && L==1)
  33   2          {
  34   3            in1=0;
  35   3            in2=1;      
  36   3            in3=0;
  37   3            in4=1;
  38   3            
  39   3          }
  40   2          else if(F==1 && D==1 && R==0 && L==1)
  41   2          {
  42   3            in1=1;
  43   3            in2=0;      
  44   3            in3=0;
  45   3            in4=0;
  46   3            
  47   3          }
  48   2          else if(F==1 && D==1 && R==1 && L==0)
  49   2          {
  50   3            in1=0;
  51   3            in2=1;    
  52   3            in3=0;
  53   3            in4=0;
  54   3            
  55   3          }
C51 COMPILER V9.60.7.0   DC_USING_SWITCH                                                   10/19/2024 00:09:03 PAGE 2   

  56   2          else 
  57   2          {
  58   3            
  59   3            in1=0;
  60   3            in2=0;
  61   3            in3=0;
  62   3            in4=0;
  63   3            
  64   3          }
  65   2        }
  66   1      }


MODULE INFORMATION:   STATIC OVERLAYABLE
   CODE SIZE        =    102    ----
   CONSTANT SIZE    =   ----    ----
   XDATA SIZE       =   ----    ----
   PDATA SIZE       =   ----    ----
   DATA SIZE        =   ----    ----
   IDATA SIZE       =   ----    ----
   BIT SIZE         =   ----    ----
END OF MODULE INFORMATION.


C51 COMPILATION COMPLETE.  0 WARNING(S),  0 ERROR(S)
