C51 COMPILER V9.60.7.0   SVM_3                                                             09/25/2024 01:50:53 PAGE 1   


C51 COMPILER V9.60.7.0, COMPILATION OF MODULE SVM_3
OBJECT MODULE PLACED IN SVM_3.OBJ
COMPILER INVOKED BY: C:\Personal-Work\C51\BIN\C51.EXE SVM_3.c BROWSE DEBUG OBJECTEXTEND TABS(2)

line level    source

   1          #include<reg51f.h>
   2          
   3          sbit svm = P1^6;    // Servo mtr is connected in port 1.6
   4          
   5          void delay(unsigned int);
   6          unsigned int i,j,k;
   7          
   8            void main()
   9            {
  10   1          while(1)
  11   1          {
  12   2            for(i=0;i<=50;i++)
  13   2            {
  14   3              svm = 1;
  15   3              delay(2);   //16
  16   3              svm = 0;
  17   3              delay(1000);
  18   3            }
  19   2            
  20   2            for(i=0;i<=50;i++)
  21   2            {
  22   3              svm = 1;         // 12.3
  23   3              delay(3);
  24   3              svm = 0;
  25   3              delay(1500);
  26   3            }
  27   2            
  28   2            for(i=0;i<=50;i++)
  29   2            {
  30   3              svm = 1;
  31   3              delay(4);
  32   3              svm = 0;
  33   3              delay(2000);
  34   3            }
  35   2            
  36   2            for(i=50;i<=0;i--)
  37   2            {
  38   3              svm = 1;
  39   3              delay(3);
  40   3              svm = 0;
  41   3              delay(2000);
  42   3            }
  43   2            
  44   2            for(i=50;i<=0;i--)
  45   2            {
  46   3              svm = 1;
  47   3              delay(4);
  48   3              svm = 0;
  49   3              delay(1500);
  50   3            }
  51   2            
  52   2            for(i=50;i<=0;i--)
  53   2            {
  54   3              svm = 1;
  55   3              delay(2);
C51 COMPILER V9.60.7.0   SVM_3                                                             09/25/2024 01:50:53 PAGE 2   

  56   3              svm = 0;
  57   3              delay(1500);
  58   3            }
  59   2          }
  60   1        }
  61            
  62            void delay(unsigned int itime)
  63            {
  64   1          for(j=0;j<itime;j++)
  65   1          {
  66   2            for(k=0;k<=60;k++);
  67   2          }
  68   1        }


MODULE INFORMATION:   STATIC OVERLAYABLE
   CODE SIZE        =    290    ----
   CONSTANT SIZE    =   ----    ----
   XDATA SIZE       =   ----    ----
   PDATA SIZE       =   ----    ----
   DATA SIZE        =      6    ----
   IDATA SIZE       =   ----    ----
   BIT SIZE         =   ----    ----
END OF MODULE INFORMATION.


C51 COMPILATION COMPLETE.  0 WARNING(S),  0 ERROR(S)
