C51 COMPILER V9.60.7.0   DC_MOTOR_2                                                        09/23/2024 18:35:45 PAGE 1   


C51 COMPILER V9.60.7.0, COMPILATION OF MODULE DC_MOTOR_2
OBJECT MODULE PLACED IN Dc_Motor_2.OBJ
COMPILER INVOKED BY: C:\Personal-Work\C51\BIN\C51.EXE Dc_Motor_2.c BROWSE DEBUG OBJECTEXTEND TABS(2)

line level    source

   1          // Dc motar inter facing with
   2          
   3            #include<reg51.h>
   4            
   5            sbit en12 = P1^0;
   6            sbit en34 = P1^5;
   7            
   8            sbit inp1 = P1^1;
   9            sbit inp2 = P1^2;
  10            sbit inp3 = P1^3;
  11            sbit inp4 = P1^4;
  12            
  13            void delay(unsigned int);
  14            
  15            int main()
  16            {
  17   1          en12 = 1;
  18   1          en34 = 1;
  19   1          while(1)
  20   1          {
  21   2            inp1 = 1;   //clock wise
  22   2            inp2 = 0;
  23   2            inp3 = 0;
  24   2            inp4 = 1;
  25   2            delay(5000);
  26   2            delay(5000);
  27   2            
  28   2            inp1 = 0;   //stop
  29   2            inp2 = 0;
  30   2            inp3 = 0;
  31   2            inp4 = 0;
  32   2            delay(5000);
  33   2            delay(5000);
  34   2            
  35   2            inp1 = 0;  //anti clock
  36   2            inp2 = 1;
  37   2            inp3 = 1;
  38   2            inp4 = 0;
  39   2            delay(5000);
  40   2            delay(5000);
  41   2            
  42   2            inp1 = 0;   //stop
  43   2            inp2 = 0;
  44   2            inp3 = 0;
  45   2            inp4 = 0;
  46   2            delay(5000);
  47   2            delay(5000);
  48   2            
  49   2            
  50   2          
  51   2          }
  52   1        }
  53            
  54            void delay(unsigned int itime)
  55            {
C51 COMPILER V9.60.7.0   DC_MOTOR_2                                                        09/23/2024 18:35:45 PAGE 2   

  56   1          unsigned int i,j;
  57   1          for(i=0;i<itime;i++)
  58   1          {
  59   2            j++;
  60   2          }
  61   1          //for (j=0;j<125;j++)
  62   1        }


MODULE INFORMATION:   STATIC OVERLAYABLE
   CODE SIZE        =     82    ----
   CONSTANT SIZE    =   ----    ----
   XDATA SIZE       =   ----    ----
   PDATA SIZE       =   ----    ----
   DATA SIZE        =   ----       2
   IDATA SIZE       =   ----    ----
   BIT SIZE         =   ----    ----
END OF MODULE INFORMATION.


C51 COMPILATION COMPLETE.  0 WARNING(S),  0 ERROR(S)
