C51 COMPILER V9.60.7.0   SVM_TIMER                                                         09/25/2024 01:36:54 PAGE 1   


C51 COMPILER V9.60.7.0, COMPILATION OF MODULE SVM_TIMER
OBJECT MODULE PLACED IN SVM_Timer.OBJ
COMPILER INVOKED BY: C:\Personal-Work\C51\BIN\C51.EXE SVM_Timer.c BROWSE DEBUG OBJECTEXTEND TABS(2)

line level    source

   1          
   2          #include<reg51.h>
   3          
   4          sbit svm = P1^6;
   5          
   6            void left(void);
   7            void centre(void);
   8            void right(void);
   9            void delay(void);
  10            
  11            void main()
  12             {
  13   1           unsigned int i;
  14   1           while(1)
  15   1           {
  16   2             for(i=0;i<200;i++)
  17   2             {
  18   3               left();
  19   3             }
  20   2             delay();
  21   2             
  22   2             for(i=0;i<100;i++)
  23   2             {
  24   3               centre();
  25   3             }
  26   2             delay();
  27   2             
  28   2             for(i=0;i<100;i++)
  29   2             {
  30   3               right();
  31   3             }
  32   2             delay();
  33   2           }
  34   1         }
  35             
  36             void left(void)
  37              {
  38   1            TMOD = 0x01;
  39   1            TH0 = 0xFB;
  40   1            TL0 = 0x7F;
  41   1            TR0 = 1;
  42   1            while(!TF0)
  43   1            {}                  //1.25ms
  44   1            svm =~ svm;
  45   1            TF0 = 0;
  46   1            TR0 = 0;
  47   1          }
  48              
  49              void centre(void)
  50              {
  51   1            TMOD = 0x01;
  52   1            TH0 = 0xFA;
  53   1            TL0 = 0x99;
  54   1            TR0 = 1;
  55   1            while(!TF0)
C51 COMPILER V9.60.7.0   SVM_TIMER                                                         09/25/2024 01:36:54 PAGE 2   

  56   1            {}                 //1.5ms
  57   1            svm =~ svm;
  58   1            TF0 = 0;
  59   1            TR0 = 0;
  60   1          }
  61              
  62              void right(void)
  63              {
  64   1            TMOD = 0x01;
  65   1            TH0 = 0xF9;
  66   1            TL0 = 0xB3;
  67   1            TR0 = 1;
  68   1            while(!TF0)
  69   1            {}                   //1.75ms
  70   1            svm =~ svm;
  71   1            TF0 = 0;
  72   1            TR0 = 0;
  73   1          }
  74              
  75              void delay(void)
  76              {
  77   1            unsigned int a,b;
  78   1            for(b=0;b<120;b++)
  79   1             {
  80   2               for(a=0;a<120;a++)
  81   2               {
  82   3                 
  83   3               }
  84   2             }
  85   1          }


MODULE INFORMATION:   STATIC OVERLAYABLE
   CODE SIZE        =    178    ----
   CONSTANT SIZE    =   ----    ----
   XDATA SIZE       =   ----    ----
   PDATA SIZE       =   ----    ----
   DATA SIZE        =   ----       2
   IDATA SIZE       =   ----    ----
   BIT SIZE         =   ----    ----
END OF MODULE INFORMATION.


C51 COMPILATION COMPLETE.  0 WARNING(S),  0 ERROR(S)
