C51 COMPILER V9.60.7.0   FULL_WAY_REVERSE                                                  09/21/2024 20:38:23 PAGE 1   


C51 COMPILER V9.60.7.0, COMPILATION OF MODULE FULL_WAY_REVERSE
OBJECT MODULE PLACED IN full_way_reverse.OBJ
COMPILER INVOKED BY: C:\Personal-Work\C51\BIN\C51.EXE full_way_reverse.c BROWSE DEBUG OBJECTEXTEND TABS(2)

line level    source

   1          // steper motore Full way reverce
   2          #include<reg51.h>
   3          #include<stdio.h>
   4          
   5          sbit stm1 = P2^4;  //Stepper mtr winding 1
   6          sbit stm2 = P2^5;  //2
   7          sbit stm3 = P2^6;  //3
   8          sbit stm4 = P2^7;  //4
   9          
  10            void delay(unsigned int);
  11          
  12            void main()
  13            {
  14   1          while(1)
  15   1            {
  16   2              stm1 = 0;
  17   2              stm2 = 0;
  18   2              stm3 = 0;
  19   2              stm4 = 1;       // mtr 4 on
  20   2              delay(10);
  21   2        
  22   2              stm1 = 1;     // mtr 1 on
  23   2              stm2 = 0;
  24   2              stm3 = 0;       
  25   2              stm4 = 0;
  26   2              delay(10);
  27   2              
  28   2              stm1 = 0;
  29   2              stm2 = 1;       // mtr 2 on
  30   2              stm3 = 0;
  31   2              stm4 = 0;
  32   2              delay(10);
  33   2              
  34   2              stm1 = 0;     
  35   2              stm2 = 0;
  36   2              stm3 = 1;     // mtr 3 on
  37   2              stm4 = 0;
  38   2              delay(10);
  39   2            }
  40   1          }
  41                    
  42              void delay(unsigned int itime)
  43              {
  44   1            unsigned int i,j;
  45   1            for(i=0;i<itime;i++)
  46   1            {
  47   2              j++;
  48   2            }
  49   1          }


MODULE INFORMATION:   STATIC OVERLAYABLE
   CODE SIZE        =     70    ----
   CONSTANT SIZE    =   ----    ----
   XDATA SIZE       =   ----    ----
C51 COMPILER V9.60.7.0   FULL_WAY_REVERSE                                                  09/21/2024 20:38:23 PAGE 2   

   PDATA SIZE       =   ----    ----
   DATA SIZE        =   ----       2
   IDATA SIZE       =   ----    ----
   BIT SIZE         =   ----    ----
END OF MODULE INFORMATION.


C51 COMPILATION COMPLETE.  0 WARNING(S),  0 ERROR(S)
