C51 COMPILER V9.60.7.0   HALF_WAY_REVERSE_1                                                09/21/2024 21:51:42 PAGE 1   


C51 COMPILER V9.60.7.0, COMPILATION OF MODULE HALF_WAY_REVERSE_1
OBJECT MODULE PLACED IN Half_way_reverse_1.OBJ
COMPILER INVOKED BY: C:\Personal-Work\C51\BIN\C51.EXE Half_way_reverse_1.c BROWSE DEBUG OBJECTEXTEND TABS(2)

line level    source

   1          // Half_way_reveres
   2          #include<reg51.h>
   3          
   4          sbit stm1 = P2^4;  //Stepper mtr winding 1
   5          sbit stm2 = P2^5;  //2
   6          sbit stm3 = P2^6;  //3
   7          sbit stm4 = P2^7;  //4
   8          
   9            void delay(unsigned int);
  10          
  11            void main()
  12            {
  13   1          while(1)
  14   1            {
  15   2              stm1 = 0;
  16   2              stm2 = 0;
  17   2              stm3 = 0;
  18   2              stm4 = 1;   //4
  19   2              delay(500);
  20   2              
  21   2              stm1 = 1;
  22   2              stm2 = 0;
  23   2              stm3 = 0;
  24   2              stm4 = 1;   //1 & 4
  25   2              delay(500);
  26   2              
  27   2              stm1 = 1;   //1
  28   2              stm2 = 0;  
  29   2              stm3 = 0;
  30   2              stm4 = 0;   
  31   2              delay(500);
  32   2              
  33   2              stm1 = 1;
  34   2              stm2 = 1;  //1 & 2
  35   2              stm3 = 0;
  36   2              stm4 = 0;   
  37   2              delay(500);
  38   2              
  39   2              stm1 = 0;
  40   2              stm2 = 1;  //2
  41   2              stm3 = 0;
  42   2              stm4 = 0;   
  43   2              delay(500);
  44   2              
  45   2              stm1 = 0;
  46   2              stm2 = 1;  //2 & 3
  47   2              stm3 = 1;
  48   2              stm4 = 0;   
  49   2              delay(500);
  50   2              
  51   2              
  52   2              stm1 = 0;
  53   2              stm2 = 0;
  54   2              stm3 = 1;  //3 
  55   2              stm4 = 0;   
C51 COMPILER V9.60.7.0   HALF_WAY_REVERSE_1                                                09/21/2024 21:51:42 PAGE 2   

  56   2              delay(500);
  57   2              
  58   2              stm1 = 0;
  59   2              stm2 = 0;
  60   2              stm3 = 1;  //3 & 4 
  61   2              stm4 = 1;   
  62   2              delay(500);
  63   2            }
  64   1          }
  65              
  66              void delay(unsigned int itime)
  67              {
  68   1            unsigned int i,j;
  69   1            for(i=0;i<itime;i++)
  70   1            {
  71   2              j++;
  72   2            }
  73   1          }


MODULE INFORMATION:   STATIC OVERLAYABLE
   CODE SIZE        =    106    ----
   CONSTANT SIZE    =   ----    ----
   XDATA SIZE       =   ----    ----
   PDATA SIZE       =   ----    ----
   DATA SIZE        =   ----       2
   IDATA SIZE       =   ----    ----
   BIT SIZE         =   ----    ----
END OF MODULE INFORMATION.


C51 COMPILATION COMPLETE.  0 WARNING(S),  0 ERROR(S)
