C51 COMPILER V9.60.7.0   SVM_TIMER_DEMO                                                    09/25/2024 01:38:58 PAGE 1   


C51 COMPILER V9.60.7.0, COMPILATION OF MODULE SVM_TIMER_DEMO
OBJECT MODULE PLACED IN SVM_Timer_Demo.OBJ
COMPILER INVOKED BY: C:\Personal-Work\C51\BIN\C51.EXE SVM_Timer_Demo.c BROWSE DEBUG OBJECTEXTEND TABS(2)

line level    source

   1          #include<reg51.h>
   2          
   3          sbit svm = P1^6;
   4          
   5            void left(void);
   6            void centre(void);
   7            void right(void);
   8            
   9            
  10            void main()
  11             {
  12   1           unsigned int i;
  13   1           while(1)
  14   1           {
  15   2             for(i=0;i<200;i++)
  16   2             {
  17   3               left();
  18   3             }
  19   2             delay(100);
*** WARNING C206 IN LINE 19 OF SVM_Timer_Demo.c: 'delay': missing function-prototype
*** ERROR C267 IN LINE 19 OF SVM_Timer_Demo.c: 'delay': requires ANSI-style prototype
  20   2             
  21   2             for(i=0;i<100;i++)
  22   2             {
  23   3               centre();
  24   3             }
  25   2             delay(100);
  26   2             
  27   2             for(i=0;i<100;i++)
  28   2             {
  29   3               right();
  30   3             }
  31   2             delay(100);
  32   2           }
  33   1         }
  34             
  35             void left(void)
  36              {
  37   1            TMOD = 0x01;
  38   1            TH0 = 0xFB;
  39   1            TL0 = 0x7F;
  40   1            TR0 = 1;
  41   1            while(!TF0)
  42   1            {}                  //1.25ms
  43   1            svm =~ svm;
  44   1            TF0 = 0;
  45   1            TR0 = 0;
  46   1          }
  47              
  48              void centre(void)
  49              {
  50   1            TMOD = 0x01;
  51   1            TH0 = 0xFA;
  52   1            TL0 = 0x99;
  53   1            TR0 = 1;
C51 COMPILER V9.60.7.0   SVM_TIMER_DEMO                                                    09/25/2024 01:38:58 PAGE 2   

  54   1            while(!TF0)
  55   1            {}                 //1.5ms
  56   1            svm =~ svm;
  57   1            TF0 = 0;
  58   1            TR0 = 0;
  59   1          }
  60              
  61              void right(void)
  62              {
  63   1            TMOD = 0x01;
  64   1            TH0 = 0xF9;
  65   1            TL0 = 0xB3;
  66   1            TR0 = 1;
  67   1            while(!TF0)
  68   1            {}                   //1.75ms
  69   1            svm =~ svm;
  70   1            TF0 = 0;
  71   1            TR0 = 0;
  72   1          }
  73              
  74            

C51 COMPILATION COMPLETE.  1 WARNING(S),  1 ERROR(S)
