C51 COMPILER V9.60.7.0   DC_MOTAR                                                          09/20/2024 15:57:32 PAGE 1   


C51 COMPILER V9.60.7.0, COMPILATION OF MODULE DC_MOTAR
OBJECT MODULE PLACED IN DC_motar.OBJ
COMPILER INVOKED BY: C:\Personal-Work\C51\BIN\C51.EXE DC_motar.c BROWSE DEBUG OBJECTEXTEND TABS(2)

line level    source

   1          // Dc motar inter facing with
   2          
   3            #include<reg51.h>
   4            
   5            sbit en12 = P1^0;
   6            sbit en34 = P1^5;
   7            
   8            sbit inp1 = P1^1;
   9            sbit inp2 = P1^2;
  10            sbit inp3 = P1^3;
  11            sbit inp4 = P1^4;
  12            
  13            void delay(unsigned int);
  14            
  15            int main()
  16            {
  17   1          en12 = 1;
  18   1          en34 = 1;
  19   1          while(1)
  20   1          {
  21   2            inp1 = 1;
  22   2            inp2 = 0;
  23   2            inp3 = 1;
  24   2            inp4 = 0;
  25   2            delay(50000);
  26   2            delay(50000);
  27   2            
  28   2            inp1 = 0;
  29   2            inp2 = 0;
  30   2            inp3 = 0;
  31   2            inp4 = 0;
  32   2            delay(50000);
  33   2            delay(50000);
  34   2            
  35   2            inp1 = 0;
  36   2            inp2 = 1;
  37   2            inp3 = 0;
  38   2            inp4 = 1;
  39   2            delay(50000);
  40   2            delay(50000);
  41   2            
  42   2            inp1 = 1;
  43   2            inp2 = 0;
  44   2            inp3 = 1;
  45   2            inp4 = 0;
  46   2            delay(50000);
  47   2            delay(50000);
  48   2          }
  49   1        }
  50            
  51            void delay(unsigned int itime)
  52            {
  53   1          unsigned int i,j;
  54   1          for(i=0;i<itime;i++)
  55   1          {
C51 COMPILER V9.60.7.0   DC_MOTAR                                                          09/20/2024 15:57:32 PAGE 2   

  56   2            j++;
  57   2          }
  58   1          //for (j=0;j<125;j++)
  59   1        }


MODULE INFORMATION:   STATIC OVERLAYABLE
   CODE SIZE        =     82    ----
   CONSTANT SIZE    =   ----    ----
   XDATA SIZE       =   ----    ----
   PDATA SIZE       =   ----    ----
   DATA SIZE        =   ----       2
   IDATA SIZE       =   ----    ----
   BIT SIZE         =   ----    ----
END OF MODULE INFORMATION.


C51 COMPILATION COMPLETE.  0 WARNING(S),  0 ERROR(S)
